"../../../LevelDesignProject/Content/Audio/Music/MUS_Level.uasset" 0
"../../../LevelDesignProject/Content/Audio/Music/MUS_Level_Cue.uasset" 1
"../../../LevelDesignProject/Content/Audio/Music/MUS_Menu.uasset" 2
"../../../LevelDesignProject/Content/Audio/Music/MUS_Menu_Cue.uasset" 3
"../../../LevelDesignProject/Content/Audio/SoundEffects/SND_Footsteps.uasset" 4
"../../../LevelDesignProject/Content/Audio/SoundEffects/SND_Ice_Crack.uasset" 5
"../../../LevelDesignProject/Content/Audio/SoundEffects/SND_Player_Drink_Flask.uasset" 6
"../../../LevelDesignProject/Content/Audio/SoundEffects/SND_Player_Land.uasset" 7
"../../../LevelDesignProject/Content/Audio/SoundEffects/SND_Settlement_Gate_Close.uasset" 8
"../../../LevelDesignProject/Content/Audio/SoundEffects/SND_Settlement_Gate_Open.uasset" 9
"../../../LevelDesignProject/Content/Audio/SoundEffects/SND_Unlock_Gate.uasset" 10
"../../../LevelDesignProject/Content/FirstPerson/Character/Textures/UE4_LOGO_CARD.uasset" 11
"../../../LevelDesignProject/Content/FirstPerson/FPWeapon/Materials/MaterialLayers/ML_Plastic_Shiny_Beige_LOGO.uasset" 12
"../../../LevelDesignProject/Content/FirstPerson/FPWeapon/Materials/MaterialLayers/T_ML_FineRubber.uasset" 13
"../../../LevelDesignProject/Content/FirstPerson/FPWeapon/Mesh/SK_FPGun_PhysicsAsset.uasset" 14
"../../../LevelDesignProject/Content/FirstPerson/Meshes/BaseMaterial.uasset" 15
"../../../LevelDesignProject/Content/FirstPerson/Meshes/FirstPersonProjectileMaterial.uasset" 16
"../../../LevelDesignProject/Content/FirstPerson/Meshes/FirstPersonProjectileMesh.uasset" 17
"../../../LevelDesignProject/Content/FirstPerson/Character/Mesh/SK_Mannequin_Arms_Skeleton.uasset" 18
"../../../LevelDesignProject/Content/FirstPerson/Animations/FirstPerson_Idle.uasset" 19
"../../../LevelDesignProject/Content/FirstPerson/Animations/FirstPerson_JumpEnd.uasset" 20
"../../../LevelDesignProject/Content/FirstPerson/Animations/FirstPerson_JumpLoop.uasset" 21
"../../../LevelDesignProject/Content/FirstPerson/Animations/FirstPerson_JumpStart.uasset" 22
"../../../LevelDesignProject/Content/FirstPerson/Animations/FirstPerson_Run.uasset" 23
"../../../Engine/Content/EditorBlueprintResources/StandardMacros.uasset" 24
"../../../LevelDesignProject/Content/Audio/SoundEffects/SND_Footsteps1.uasset" 25
"../../../LevelDesignProject/Content/Audio/SoundEffects/SND_Footsteps_2.uasset" 26
"../../../LevelDesignProject/Content/Audio/SoundEffects/SND_Player_Jump.uasset" 27
"../../../LevelDesignProject/Content/Footsteps/Wood_1.uasset" 28
"../../../LevelDesignProject/Content/Footsteps/Wood_2.uasset" 29
"../../../LevelDesignProject/Content/FirstPerson/Animations/FirstPerson_AnimBP.uasset" 30
"../../../LevelDesignProject/Content/FirstPerson/Animations/FirstPerson_Fire.uasset" 31
"../../../LevelDesignProject/Content/FirstPerson/Animations/FirstPersonFire_Montage.uasset" 32
"../../../Engine/Content/BasicShapes/BasicShapeMaterial.uasset" 33
"../../../Engine/Content/Functions/Engine_MaterialFunctions01/Opacity/CameraDepthFade.uasset" 34
"../../../Engine/Content/EngineMaterials/T_Default_Material_Grid_M.uasset" 35
"../../../Engine/Content/EngineMaterials/T_Default_Material_Grid_N.uasset" 36
"../../../Engine/Content/EngineMaterials/WorldGridMaterial.uasset" 37
"../../../Engine/Content/BasicShapes/Cube.uasset" 38
"../../../LevelDesignProject/Content/Audio/SoundEffects/DOOR_Metal_Hollow_Deep_Close_stereo.uasset" 39
"../../../LevelDesignProject/Content/Audio/SoundEffects/SND_Big_Ben_Open.uasset" 40
"../../../LevelDesignProject/Content/CombinationLock/ComboLockParent.uasset" 41
"../../../LevelDesignProject/Content/Audio/SoundEffects/SND_Open_Letter.uasset" 42
"../../../LevelDesignProject/Content/FirstPerson/Audio/FirstPersonTemplateWeaponFire02.uasset" 43
"../../../Engine/Content/Functions/Engine_MaterialFunctions02/Utility/BlendAngleCorrectedNormals.uasset" 44
"../../../Engine/Content/Functions/MaterialLayerFunctions/MatLayerBlend_NormalBlend.uasset" 45
"../../../Engine/Content/Functions/MaterialLayerFunctions/MatLayerBlend_Simple.uasset" 46
"../../../LevelDesignProject/Content/FirstPerson/Character/Materials/MaterialLayers/T_ML_Rubber_Blue_01_D.uasset" 47
"../../../LevelDesignProject/Content/FirstPerson/Character/Materials/MaterialLayers/T_ML_Rubber_Blue_01_N.uasset" 48
"../../../LevelDesignProject/Content/FirstPerson/Character/Materials/MaterialLayers/ML_GlossyBlack_Latex_UE4.uasset" 49
"../../../LevelDesignProject/Content/FirstPerson/Character/Materials/MaterialLayers/ML_Plastic_Shiny_Beige.uasset" 50
"../../../LevelDesignProject/Content/FirstPerson/Character/Materials/MaterialLayers/ML_Plastic_Shiny_Beige_LOGO.uasset" 51
"../../../LevelDesignProject/Content/FirstPerson/Character/Materials/MaterialLayers/T_ML_Aluminum01.uasset" 52
"../../../LevelDesignProject/Content/FirstPerson/Character/Materials/MaterialLayers/T_ML_Aluminum01_N.uasset" 53
"../../../LevelDesignProject/Content/FirstPerson/Character/Materials/MaterialLayers/ML_SoftMetal_UE4.uasset" 54
"../../../LevelDesignProject/Content/FirstPerson/Character/Textures/UE4_Mannequin__normals.uasset" 55
"../../../LevelDesignProject/Content/FirstPerson/Character/Textures/UE4_Mannequin_MAT_MASKA.uasset" 56
"../../../LevelDesignProject/Content/FirstPerson/Character/Materials/M_UE4Man_Body.uasset" 57
"../../../LevelDesignProject/Content/FirstPerson/Character/Mesh/SK_Mannequin_Arms_PhysicsAsset.uasset" 58
"../../../LevelDesignProject/Content/FirstPerson/Character/Mesh/SK_Mannequin_Arms.uasset" 59
"../../../LevelDesignProject/Content/FirstPerson/FPWeapon/Materials/MaterialLayers/T_ML_Rubber_Blue_01_D.uasset" 60
"../../../LevelDesignProject/Content/FirstPerson/FPWeapon/Materials/MaterialLayers/T_ML_Rubber_Blue_01_N.uasset" 61
"../../../LevelDesignProject/Content/FirstPerson/FPWeapon/Materials/MaterialLayers/ML_GlossyBlack_Latex_UE4.uasset" 62
"../../../LevelDesignProject/Content/FirstPerson/FPWeapon/Materials/MaterialLayers/ML_Plastic_Shiny_Beige.uasset" 63
"../../../LevelDesignProject/Content/FirstPerson/FPWeapon/Materials/MaterialLayers/ML_Screen.uasset" 64
"../../../LevelDesignProject/Content/FirstPerson/FPWeapon/Materials/MaterialLayers/T_ML_Aluminum01.uasset" 65
"../../../LevelDesignProject/Content/FirstPerson/FPWeapon/Materials/MaterialLayers/T_ML_Aluminum01_N.uasset" 66
"../../../LevelDesignProject/Content/FirstPerson/FPWeapon/Materials/MaterialLayers/ML_SoftMetal_UE4.uasset" 67
"../../../LevelDesignProject/Content/FirstPerson/FPWeapon/Textures/T_FPGun_M.uasset" 68
"../../../LevelDesignProject/Content/FirstPerson/FPWeapon/Textures/T_FPGun_N.uasset" 69
"../../../LevelDesignProject/Content/FirstPerson/FPWeapon/Materials/M_FPGun.uasset" 70
"../../../LevelDesignProject/Content/FirstPerson/FPWeapon/Mesh/SK_FPGun_Skeleton.uasset" 71
"../../../LevelDesignProject/Content/FirstPerson/FPWeapon/Mesh/SK_FPGun.uasset" 72
"../../../LevelDesignProject/Content/UI/Journal/Journal_1.uasset" 73
"../../../LevelDesignProject/Content/UI/Journal/Journal_4.uasset" 74
"../../../LevelDesignProject/Content/UI/Journal/Journal_6.uasset" 75
"../../../LevelDesignProject/Content/UI/Journal/Journal_8.uasset" 76
"../../../LevelDesignProject/Content/UI/Journal/Journal_9.uasset" 77
"../../../LevelDesignProject/Content/UI/Journal/Journal_Key.uasset" 78
"../../../LevelDesignProject/Content/UI/Journal/Journal_Note2.uasset" 79
"../../../LevelDesignProject/Content/UI/Journal/Journal_Page.uasset" 80
"../../../LevelDesignProject/Content/UI/Journal/JournalNote1.uasset" 81
"../../../LevelDesignProject/Content/UI/JournalWidget.uasset" 82
"../../../LevelDesignProject/Content/UI/Sprites/MyriadPro-Regular.uasset" 83
"../../../LevelDesignProject/Content/UI/Sprites/MyriadPro-Regular_Font.uasset" 84
"../../../LevelDesignProject/Content/UI/LoadingScreen/loading_background.uasset" 85
"../../../LevelDesignProject/Content/UI/LoadingScreen/loading_text.uasset" 86
"../../../LevelDesignProject/Content/UI/LoadingScreen/question_mark.uasset" 87
"../../../LevelDesignProject/Content/UI/LoadingScreen.uasset" 88
"../../../LevelDesignProject/Content/Audio/SoundEffects/SND_Button_Select.uasset" 89
"../../../LevelDesignProject/Content/UI/Sprites/Selection_Box.uasset" 90
"../../../LevelDesignProject/Content/UI/UI_PauseMenu.uasset" 91
"../../../LevelDesignProject/Content/FirstPersonBP/Blueprints/FirstPersonCharacter.uasset" 92
"../../../LevelDesignProject/Content/FirstPerson/Textures/FirstPersonCrosshair.uasset" 93
"../../../LevelDesignProject/Content/FirstPersonBP/Blueprints/FirstPersonHUD.uasset" 94
"../../../LevelDesignProject/Content/FirstPersonBP/Blueprints/FirstPersonGameMode.uasset" 95
"../../../LevelDesignProject/Content/Geometry/Meshes/CubeMaterial.uasset" 96
"../../../LevelDesignProject/Content/Geometry/Meshes/1M_Cube_Chamfer.uasset" 97
"../../../LevelDesignProject/Content/Geometry/Meshes/TemplateFloor.uasset" 98
"../../../LevelDesignProject/Content/Levels/Level1_sharedassets/Ice_LayerInfo.uasset" 99
"../../../LevelDesignProject/Content/Levels/Level1_sharedassets/Snow_LayerInfo.uasset" 100
"../../../Engine/Content/EngineMeshes/Humanoid.uasset" 101
"../../../LevelDesignProject/Content/Mannequin/Character/Mesh/UE4_Mannequin_Skeleton.uasset" 102
"../../../LevelDesignProject/Content/Mannequin/Animations/ThirdPersonJump_End.uasset" 103
"../../../LevelDesignProject/Content/Mannequin/Animations/ThirdPerson_Jump.uasset" 104
"../../../LevelDesignProject/Content/Mannequin/Animations/ThirdPersonJump_Loop.uasset" 105
"../../../LevelDesignProject/Content/Mannequin/Animations/ThirdPersonJump_Start.uasset" 106
"../../../LevelDesignProject/Content/Mannequin/Animations/ThirdPersonIdle.uasset" 107
"../../../LevelDesignProject/Content/Mannequin/Animations/ThirdPersonRun.uasset" 108
"../../../LevelDesignProject/Content/Mannequin/Animations/ThirdPersonWalk.uasset" 109
"../../../LevelDesignProject/Content/Mannequin/Animations/ThirdPerson_IdleRun_2D.uasset" 110
"../../../LevelDesignProject/Content/Mannequin/Animations/ThirdPerson_AnimBP.uasset" 111
"../../../LevelDesignProject/Content/StarterContent/Textures/T_Rock_Sandstone_D.uasset" 112
"../../../LevelDesignProject/Content/StarterContent/Textures/T_Rock_Sandstone_N.uasset" 113
"../../../LevelDesignProject/Content/Textures/TexturesCom_SnowPlain_3x3_1K_albedo.uasset" 114
"../../../LevelDesignProject/Content/Textures/TexturesCom_SnowPlain_3x3_1K_normal_.uasset" 115
"../../../LevelDesignProject/Content/Materials/M_Clocktower.uasset" 116
"../../../LevelDesignProject/Content/Footsteps/Phys_Wood.uasset" 117
"../../../LevelDesignProject/Content/StarterContent/Textures/T_MacroVariation.uasset" 118
"../../../LevelDesignProject/Content/StarterContent/Textures/T_Perlin_Noise_M.uasset" 119
"../../../LevelDesignProject/Content/StarterContent/Textures/T_Wood_Pine_D.uasset" 120
"../../../LevelDesignProject/Content/StarterContent/Textures/T_Wood_Pine_N.uasset" 121
"../../../LevelDesignProject/Content/Textures/TexturesCom_SnowPlain_3x3_1K_roughness.uasset" 122
"../../../LevelDesignProject/Content/Materials/M_Wood_Pine_Snowy.uasset" 123
"../../../Engine/Content/Functions/Engine_MaterialFunctions01/Density/ExponentialDensity.uasset" 124
"../../../Engine/Content/Functions/Engine_MaterialFunctions01/Gradient/RadialGradientExponential.uasset" 125
"../../../LevelDesignProject/Content/Materials/Snow_Particle_Material.uasset" 126
"../../../LevelDesignProject/Content/StarterContent/Textures/T_Brick_Clay_Beveled_N.uasset" 127
"../../../LevelDesignProject/Content/Meshes/Clocktower/Stone.uasset" 128
"../../../LevelDesignProject/Content/Meshes/Clocktower/big_ben_corner_1l.uasset" 129
"../../../LevelDesignProject/Content/Meshes/Clocktower/big_ben_face_corner_pillar.uasset" 130
"../../../LevelDesignProject/Content/Meshes/Clocktower/Gold.uasset" 131
"../../../LevelDesignProject/Content/Meshes/Clocktower/Iron.uasset" 132
"../../../LevelDesignProject/Content/Meshes/Clocktower/big_ben_face_edges.uasset" 133
"../../../LevelDesignProject/Content/Meshes/Clocktower/big_ben_face_pillar_Column.uasset" 134
"../../../LevelDesignProject/Content/Meshes/Clocktower/big_ben_face_sloped_edges_Cube_002.uasset" 135
"../../../LevelDesignProject/Content/Meshes/Clocktower/big_ben_face_sloped_edges_Cube_003.uasset" 136
"../../../LevelDesignProject/Content/Meshes/Clocktower/big_ben_face_small_corners_Cube_004.uasset" 137
"../../../LevelDesignProject/Content/Meshes/Clocktower/big_ben_face_small_corners_Cube_006.uasset" 138
"../../../LevelDesignProject/Content/Meshes/Clocktower/big_ben_face_stone_block_1_Pillar_002.uasset" 139
"../../../LevelDesignProject/Content/Meshes/Clocktower/big_ben_hour_hand.uasset" 140
"../../../LevelDesignProject/Content/Meshes/Clocktower/big_ben_large_wall_Pillar_025.uasset" 141
"../../../LevelDesignProject/Content/Meshes/Clocktower/big_ben_lsmall_wall_Pillar_032.uasset" 142
"../../../LevelDesignProject/Content/Meshes/Clocktower/big_ben_minute_hand.uasset" 143
"../../../LevelDesignProject/Content/StarterContent/Textures/T_Metal_Gold_D.uasset" 144
"../../../LevelDesignProject/Content/StarterContent/Textures/T_Metal_Gold_N.uasset" 145
"../../../LevelDesignProject/Content/StarterContent/Materials/M_Metal_Gold.uasset" 146
"../../../LevelDesignProject/Content/Meshes/Clocktower/big_ben_side.uasset" 147
"../../../LevelDesignProject/Content/Meshes/Clocktower/big_ben_wide_wall.uasset" 148
"../../../LevelDesignProject/Content/Textures/tent_1_colours.uasset" 149
"../../../LevelDesignProject/Content/Textures/tent_1_metallic.uasset" 150
"../../../LevelDesignProject/Content/Textures/tent_1_normal.uasset" 151
"../../../LevelDesignProject/Content/Meshes/Settlement/M_tent2.uasset" 152
"../../../Engine/Content/EngineMaterials/OrientParticle.uasset" 153
"../../../Engine/Content/EngineMaterials/DefaultParticle.uasset" 154
"../../../LevelDesignProject/Content/ParticleSystems/Fire.uasset" 155
"../../../LevelDesignProject/Content/ParticleSystems/Snow_Particle.uasset" 156
"../../../LevelDesignProject/Content/StarterContent/Materials/M_Basic_Wall.uasset" 157
"../../../LevelDesignProject/Content/StarterContent/Architecture/Pillar_50x500.uasset" 158
"../../../LevelDesignProject/Content/StarterContent/Architecture/Wall_400x300.uasset" 159
"../../../LevelDesignProject/Content/StarterContent/Architecture/Wall_400x400.uasset" 160
"../../../LevelDesignProject/Content/StarterContent/Architecture/Wall_500x500.uasset" 161
"../../../LevelDesignProject/Content/StarterContent/Architecture/Wall_Door_400x400.uasset" 162
"../../../LevelDesignProject/Content/StarterContent/Architecture/Wall_Window_400x400.uasset" 163
"../../../LevelDesignProject/Content/StarterContent/Audio/Light01_Cue.uasset" 164
"../../../LevelDesignProject/Content/StarterContent/Audio/Light02_Cue.uasset" 165
"../../../LevelDesignProject/Content/StarterContent/Audio/Explosion_Cue.uasset" 166
"../../../LevelDesignProject/Content/StarterContent/Textures/T_Burst_M.uasset" 167
"../../../LevelDesignProject/Content/StarterContent/Particles/Materials/M_Burst.uasset" 168
"../../../LevelDesignProject/Content/StarterContent/Textures/T_Explosion_SubUV.uasset" 169
"../../../LevelDesignProject/Content/StarterContent/Particles/Materials/M_explosion_subUV.uasset" 170
"../../../LevelDesignProject/Content/StarterContent/Particles/Materials/m_flare_01.uasset" 171
"../../../Engine/Content/Functions/Engine_MaterialFunctions01/Gradient/RadialGradient.uasset" 172
"../../../LevelDesignProject/Content/StarterContent/Particles/Materials/M_radial_ramp.uasset" 173
"../../../LevelDesignProject/Content/StarterContent/Textures/T_Smoke_SubUV.uasset" 174
"../../../LevelDesignProject/Content/StarterContent/Textures/T_Smoke_Tiled_D.uasset" 175
"../../../LevelDesignProject/Content/StarterContent/Particles/Materials/M_smoke_subUV.uasset" 176
"../../../LevelDesignProject/Content/StarterContent/Particles/P_Explosion.uasset" 177
"../../../LevelDesignProject/Content/StarterContent/Blueprints/Blueprint_Effect_Explosion.uasset" 178
"../../../Engine/Content/EditorMeshes/ColorCalibrator/T_ColorGrid.uasset" 179
"../../../LevelDesignProject/Content/StarterContent/Materials/M_ColorGrid_LowSpec.uasset" 180
"../../../LevelDesignProject/Content/StarterContent/Materials/M_Wood_Pine_Snowy.uasset" 181
"../../../LevelDesignProject/Content/StarterContent/Textures/T_Bush_D.uasset" 182
"../../../LevelDesignProject/Content/StarterContent/Textures/T_Bush_N.uasset" 183
"../../../LevelDesignProject/Content/StarterContent/Props/Materials/M_Bush.uasset" 184
"../../../LevelDesignProject/Content/StarterContent/Props/SM_Bush.uasset" 185
"../../../LevelDesignProject/Content/StarterContent/Textures/T_Chair_M.uasset" 186
"../../../LevelDesignProject/Content/StarterContent/Textures/T_Chair_N.uasset" 187
"../../../LevelDesignProject/Content/StarterContent/Props/Materials/M_Chair.uasset" 188
"../../../LevelDesignProject/Content/StarterContent/Props/SM_Couch.uasset" 189
"../../../LevelDesignProject/Content/StarterContent/Materials/M_Glass.uasset" 190
"../../../LevelDesignProject/Content/StarterContent/Textures/T_Door_M.uasset" 191
"../../../LevelDesignProject/Content/StarterContent/Textures/T_Door_N.uasset" 192
"../../../LevelDesignProject/Content/StarterContent/Props/Materials/M_Door.uasset" 193
"../../../LevelDesignProject/Content/StarterContent/Props/SM_Door.uasset" 194
"../../../LevelDesignProject/Content/StarterContent/Props/Materials/M_MaterialSphere.uasset" 195
"../../../LevelDesignProject/Content/StarterContent/Props/Materials/M_MaterialSphere_Plain.uasset" 196
"../../../LevelDesignProject/Content/StarterContent/Props/SM_MatPreviewMesh_02.uasset" 197
"../../../LevelDesignProject/Content/StarterContent/Textures/T_Detail_Rocky_N.uasset" 198
"../../../LevelDesignProject/Content/StarterContent/Textures/T_Rock_Basalt_D.uasset" 199
"../../../LevelDesignProject/Content/StarterContent/Textures/T_RockMesh_M.uasset" 200
"../../../LevelDesignProject/Content/StarterContent/Textures/T_RockMesh_N.uasset" 201
"../../../LevelDesignProject/Content/StarterContent/Props/Materials/M_Rock.uasset" 202
"../../../LevelDesignProject/Content/StarterContent/Props/SM_Rock.uasset" 203
"../../../LevelDesignProject/Content/StarterContent/Textures/T_Shelf_M.uasset" 204
"../../../LevelDesignProject/Content/StarterContent/Textures/T_Shelf_N.uasset" 205
"../../../LevelDesignProject/Content/StarterContent/Props/Materials/M_Shelf.uasset" 206
"../../../LevelDesignProject/Content/StarterContent/Props/SM_Shelf.uasset" 207
"../../../LevelDesignProject/Content/StarterContent/Materials/M_Basic_Floor.uasset" 208
"../../../LevelDesignProject/Content/StarterContent/Props/SM_Stairs.uasset" 209
"../../../LevelDesignProject/Content/StarterContent/Shapes/Shape_Cone.uasset" 210
"../../../LevelDesignProject/Content/StarterContent/Shapes/Shape_Cylinder.uasset" 211
"../../../LevelDesignProject/Content/StarterContent/Shapes/Shape_NarrowCapsule.uasset" 212
"../../../LevelDesignProject/Content/StarterContent/Shapes/Shape_Pipe.uasset" 213
"../../../LevelDesignProject/Content/StarterContent/Shapes/Shape_Pipe_180.uasset" 214
"../../../LevelDesignProject/Content/StarterContent/Shapes/Shape_Pipe_90.uasset" 215
"../../../LevelDesignProject/Content/StarterContent/Shapes/Shape_Plane.uasset" 216
"../../../LevelDesignProject/Content/StarterContent/Shapes/Shape_Torus.uasset" 217
"../../../LevelDesignProject/Content/StarterContent/Shapes/Shape_Trim.uasset" 218
"../../../LevelDesignProject/Content/StarterContent/Shapes/Shape_Trim_90_In.uasset" 219
"../../../LevelDesignProject/Content/StarterContent/Shapes/Shape_Trim_90_Out.uasset" 220
"../../../LevelDesignProject/Content/StarterContent/Shapes/Shape_TriPyramid.uasset" 221
"../../../LevelDesignProject/Content/StarterContent/Shapes/Shape_Tube.uasset" 222
"../../../LevelDesignProject/Content/StarterContent/Shapes/Shape_Wedge_A.uasset" 223
"../../../LevelDesignProject/Content/StarterContent/Shapes/Shape_Wedge_B.uasset" 224
"../../../LevelDesignProject/Content/StarterContent/Shapes/Shape_WideCapsule.uasset" 225
"../../../LevelDesignProject/Content/SurvivorCamp/Survivor/flag.uasset" 226
"../../../LevelDesignProject/Content/SurvivorCamp/Survivor/lambert1.uasset" 227
"../../../LevelDesignProject/Content/SurvivorCamp/Survivor/T_Metal_WireFence__LightRust_albedo_Mat.uasset" 228
"../../../LevelDesignProject/Content/Textures/tent_2_colours.uasset" 229
"../../../LevelDesignProject/Content/UI/Sprites/Title.uasset" 230
"../../../Engine/Content/EngineMaterials/DefaultMaterial.uasset" 231
"../../../Engine/Content/BasicShapes/Cone.uasset" 232
"../../../Engine/Content/BasicShapes/Plane.uasset" 233
"../../../Engine/Content/BasicShapes/Sphere.uasset" 234
"../../../Engine/Content/EditorLandscapeResources/DataLayer.uasset" 235
"../../../Engine/Content/EditorMaterials/GizmoMaterial.uasset" 236
"../../../Engine/Content/EditorMaterials/MAT_Groups_Toggle.uasset" 237
"../../../Engine/Content/EditorMaterials/MAT_Groups_Visibility.uasset" 238
"../../../Engine/Content/EditorMaterials/PreviewShadowIndicator.uasset" 239
"../../../Engine/Content/EditorMaterials/PreviewShadowIndicatorMaterial.uasset" 240
"../../../Engine/Content/EditorMaterials/MatineeGroups/MAT_ColorTrack.uasset" 241
"../../../Engine/Content/EditorMaterials/MatineeGroups/MAT_Groups_Anim.uasset" 242
"../../../Engine/Content/EditorMaterials/MatineeGroups/MAT_Groups_AudioMaster.uasset" 243
"../../../Engine/Content/EditorMaterials/MatineeGroups/MAT_Groups_Director.uasset" 244
"../../../Engine/Content/EditorMaterials/MatineeGroups/MAT_Groups_Event.uasset" 245
"../../../Engine/Content/EditorMaterials/MatineeGroups/MAT_Groups_Fade.uasset" 246
"../../../Engine/Content/EditorMaterials/MatineeGroups/MAT_Groups_Float.uasset" 247
"../../../Engine/Content/EditorMaterials/MatineeGroups/MAT_Groups_Move.uasset" 248
"../../../Engine/Content/EditorMaterials/MatineeGroups/MAT_Groups_Slomo.uasset" 249
"../../../Engine/Content/EditorMaterials/MatineeGroups/MAT_Groups_Sound.uasset" 250
"../../../Engine/Content/EditorMaterials/MatineeGroups/MAT_Groups_Vector.uasset" 251
"../../../Engine/Content/EditorMaterials/ParticleSystems/PSysThumbnail_NoImage.uasset" 252
"../../../Engine/Content/EditorMaterials/ParticleSystems/PSysThumbnail_OOD.uasset" 253
"../../../Engine/Content/EditorMaterials/Camera/CineMat.uasset" 254
"../../../Engine/Content/EditorMaterials/Camera/MI_CineMat_Rig.uasset" 255
"../../../Engine/Content/EditorMeshes/Camera/SM_CraneRig_Arm.uasset" 256
"../../../Engine/Content/EditorMeshes/Camera/SM_CraneRig_Base.uasset" 257
"../../../Engine/Content/EditorMeshes/Camera/SM_CraneRig_Body.uasset" 258
"../../../Engine/Content/EditorMeshes/Camera/SM_CraneRig_Mount.uasset" 259
"../../../Engine/Content/EditorMeshes/Camera/SM_RailRig_Mount.uasset" 260
"../../../Engine/Content/EditorMeshes/Camera/SM_RailRig_Track.uasset" 261
"../../../Engine/Content/EditorResources/BSPVertex.uasset" 262
"../../../Engine/Content/EditorResources/EmptyActor.uasset" 263
"../../../Engine/Content/EditorResources/S_Actor.uasset" 264
"../../../Engine/Content/EditorResources/S_Trigger.uasset" 265
"../../../Engine/Content/EditorResources/AudioIcons/S_AudioComponent.uasset" 266
"../../../Engine/Content/EditorResources/AudioIcons/S_AudioComponent_AutoActivate.uasset" 267
"../../../Engine/Content/EditorResources/LightIcons/S_LightError.uasset" 268
"../../../Engine/Content/EditorResources/SequenceRecorder/Countdown.uasset" 269
"../../../Engine/Content/EditorResources/SequenceRecorder/RecordingIndicator.uasset" 270
"../../../Engine/Content/EditorSounds/Notifications/CompileFailed.uasset" 271
"../../../Engine/Content/EditorSounds/Notifications/CompileFailed_Cue.uasset" 272
"../../../Engine/Content/EditorSounds/Notifications/CompileSuccess.uasset" 273
"../../../Engine/Content/EditorSounds/Notifications/CompileStart_Cue.uasset" 274
"../../../Engine/Content/EditorSounds/Notifications/CompileSuccess_Cue.uasset" 275
"../../../Engine/Content/EngineDamageTypes/DmgTypeBP_Environmental.uasset" 276
"../../../Engine/Content/EngineDebugMaterials/HeatmapGradient.uasset" 277
"../../../Engine/Content/EngineDebugMaterials/BoneWeightMaterial.uasset" 278
"../../../Engine/Content/EngineDebugMaterials/ClothMaterial.uasset" 279
"../../../Engine/Content/EngineDebugMaterials/ClothMaterial_WF.uasset" 280
"../../../Engine/Content/EngineDebugMaterials/DebugEditorMaterial.uasset" 281
"../../../Engine/Content/EngineDebugMaterials/DebugMeshMaterial.uasset" 282
"../../../Engine/Content/EngineDebugMaterials/GeomMaterial.uasset" 283
"../../../Engine/Content/EngineFonts/Faces/RobotoBold.uasset" 284
"../../../Engine/Content/EngineFonts/Faces/RobotoBoldItalic.uasset" 285
"../../../Engine/Content/EngineFonts/Faces/RobotoItalic.uasset" 286
"../../../Engine/Content/EngineFonts/Faces/RobotoLight.uasset" 287
"../../../Engine/Content/EngineFonts/Faces/RobotoRegular.uasset" 288
"../../../Engine/Content/EngineFonts/Roboto.uasset" 289
"../../../Engine/Content/EngineFonts/Faces/RobotoTiny.uasset" 290
"../../../Engine/Content/EngineFonts/RobotoTiny.uasset" 291
"../../../Engine/Content/EngineMaterials/DefaultBloomKernel.uasset" 292
"../../../Engine/Content/EngineMaterials/DefaultBokeh.uasset" 293
"../../../Engine/Content/EngineMaterials/DefaultDiffuse.uasset" 294
"../../../Engine/Content/EngineMaterials/DefaultDeferredDecalMaterial.uasset" 295
"../../../Engine/Content/EngineMaterials/DefaultLightFunctionMaterial.uasset" 296
"../../../Engine/Content/Functions/Engine_MaterialFunctions02/Utility/BreakOutFloat2Components.uasset" 297
"../../../Engine/Content/EngineMaterials/DefaultPostProcessMaterial.uasset" 298
"../../../Engine/Content/EngineFonts/RobotoDistanceField.uasset" 299
"../../../Engine/Content/EngineMaterials/DefaultTextMaterialOpaque.uasset" 300
"../../../Engine/Content/EngineMaterials/DefaultWhiteGrid.uasset" 301
"../../../Engine/Content/EngineMaterials/EditorBrushMaterial.uasset" 302
"../../../Engine/Content/EngineMaterials/Good64x64TilingNoiseHighFreq.uasset" 303
"../../../Engine/Content/EngineMaterials/MiniFont.uasset" 304
"../../../Engine/Content/EngineMaterials/InvalidLightmapSettings.uasset" 305
"../../../Engine/Content/EngineMaterials/M_InvalidLightmapSettings.uasset" 306
"../../../Engine/Content/Functions/Engine_MaterialFunctions02/WorldPositionOffset/CameraOffset.uasset" 307
"../../../Engine/Content/EngineMaterials/PhAT_JointLimitMaterial.uasset" 308
"../../../Engine/Content/EngineMaterials/PreintegratedSkinBRDF.uasset" 309
"../../../Engine/Content/EngineMaterials/RemoveSurfaceMaterial.uasset" 310
"../../../Engine/Content/EngineMaterials/WeightMapPlaceholderTexture.uasset" 311
"../../../Engine/Content/EngineResources/WhiteSquareTexture.uasset" 312
"../../../Engine/Content/EngineMaterials/Widget3DPassThrough.uasset" 313
"../../../Engine/Content/EngineMaterials/Widget3DPassThrough_Masked.uasset" 314
"../../../Engine/Content/EngineMaterials/Widget3DPassThrough_Opaque.uasset" 315
"../../../Engine/Content/EngineMaterials/Widget3DPassThrough_Masked_OneSided.uasset" 316
"../../../Engine/Content/EngineMaterials/Widget3DPassThrough_Opaque_OneSided.uasset" 317
"../../../Engine/Content/EngineMaterials/Widget3DPassThrough_Translucent.uasset" 318
"../../../Engine/Content/EngineMaterials/Widget3DPassThrough_Translucent_OneSided.uasset" 319
"../../../Engine/Content/EngineMeshes/Cube.uasset" 320
"../../../Engine/Content/EngineMeshes/Sphere.uasset" 321
"../../../Engine/Content/EngineResources/Black.uasset" 322
"../../../Engine/Content/EngineResources/DefaultTexture.uasset" 323
"../../../Engine/Content/EngineResources/DefaultTextureCube.uasset" 324
"../../../Engine/Content/EngineResources/GradientTexture0.uasset" 325
"../../../Engine/Content/EngineSounds/Master.uasset" 326
"../../../Engine/Content/Functions/Engine_MaterialFunctions01/Shading/ConvertFromDiffSpec.uasset" 327
"../../../Engine/Content/Functions/Engine_MaterialFunctions01/Shading/PowerToRoughness.uasset" 328
"../../../Engine/Content/Maps/Templates/Thumbnails/Default.uasset" 329
"../../../Engine/Content/Maps/Templates/Thumbnails/VR-Basic.uasset" 330
"../../../Engine/Content/MobileResources/T_MobileControls_texture.uasset" 331
"../../../Engine/Content/MobileResources/T_MobileMenu2.uasset" 332
"../../../Engine/Content/MobileResources/HUD/AnalogHat.uasset" 333
"../../../Engine/Content/MobileResources/HUD/VirtualJoystick_Background.uasset" 334
"../../../Engine/Content/MobileResources/HUD/VirtualJoystick_Thumb.uasset" 335
"../../../Engine/Content/MobileResources/HUD/DefaultVirtualJoysticks.uasset" 336
"../../../Engine/Content/MobileResources/HUD/LeftVirtualJoystickOnly.uasset" 337
"../../../Engine/Content/MobileResources/HUD/MobileHUDButton1_off.uasset" 338
"../../../Engine/Content/MobileResources/HUD/MobileHUDButton1_on.uasset" 339
"../../../Engine/Content/MobileResources/HUD/MobileHUDButton2_off.uasset" 340
"../../../Engine/Content/MobileResources/HUD/MobileHUDButton2_on.uasset" 341
"../../../Engine/Content/MobileResources/HUD/MobileHUDButton3.uasset" 342
"../../../Engine/Content/MobileResources/HUD/MobileHUDButtonFire.uasset" 343
"../../../Engine/Content/MobileResources/HUD/MobileHUDDirectionPad.uasset" 344
"../../../Engine/Content/MobileResources/HUD/MobileHUDDirectionPad2.uasset" 345
"../../../Engine/Content/MobileResources/HUD/MobileHUDDirectionPad3.uasset" 346
"../../../Engine/Content/MobileResources/HUD/MobileHUDDirectionStick.uasset" 347
"../../../Engine/Content/MobileResources/HUD/T_Castle_ThumbstickInner.uasset" 348
"../../../Engine/Content/MobileResources/HUD/T_Castle_ThumbstickOutter.uasset" 349
"../../../Engine/Content/Tutorial/ContentIntroCurve.uasset" 350
"../../../Engine/Content/Tutorial/Basics/TutorialAssets/icon_tab_Levels_40x.uasset" 351
"../../../Engine/Content/Tutorial/BlueprintTutorials/TutorialAssets/BlueprintInterface_64x.uasset" 352
"../../../Engine/Content/Tutorial/BlueprintTutorials/TutorialAssets/BlueprintMacroLibrary_64x.uasset" 353
"../../../Engine/Content/Tutorial/BlueprintTutorials/TutorialAssets/Blueprint_64x.uasset" 354
"../../../Engine/Content/Tutorial/BlueprintTutorials/TutorialAssets/Tutorial_BP_Interface.uasset" 355
"../../../Engine/Content/Tutorial/Foliage/TutorialAssets/Foliage.uasset" 356
"../../../Engine/Content/Tutorial/Landscape/TutorialAssets/Landscape.uasset" 357
"../../../Engine/Content/Tutorial/Paper2D/TutorialAssets/Paper2DFlipbook_TutorialIcon.uasset" 358
"../../../Engine/Content/Tutorial/Paper2D/TutorialAssets/Paper2DSprite_TutorialIcon.uasset" 359
"../../../Engine/Content/Tutorial/SubEditors/TutorialAssets/icon_Editor_Preferences_General_40x.uasset" 360
"../../../Engine/Content/Tutorial/SubEditors/TutorialAssets/icon_ShowSkeletalMeshes_40x.uasset" 361
"../../../Engine/Content/Tutorial/SubEditors/TutorialAssets/TutorialMaterial.uasset" 362
"../../../Engine/Content/Tutorial/SubEditors/TutorialAssets/T_SmokeSubUV_8X8.uasset" 363
"../../../Engine/Content/Tutorial/SubEditors/TutorialAssets/T_soft_smoke.uasset" 364
"../../../Engine/Content/Tutorial/SubEditors/TutorialAssets/M_smoke_subUV_blackbody.uasset" 365
"../../../Engine/Content/Tutorial/SubEditors/TutorialAssets/TutorialParticleSystem.uasset" 366
"../../../Engine/Content/VREditor/Devices/Generic/GenericHMDMaterial.uasset" 367
"../../../Engine/Content/VREditor/Devices/Generic/GenericHMD.uasset" 368
"../../../Engine/Content/VREditor/FloatingText/LineMaterial.uasset" 369
"../../../Engine/Content/VREditor/FloatingText/JointSphere.uasset" 370
"../../../Engine/Content/VREditor/FloatingText/LineSegmentCylinder.uasset" 371
"../../../Engine/Content/VREditor/Fonts/VRText_RobotoLarge.uasset" 372
"../../../Engine/Content/VREditor/Fonts/VRTextMaterial.uasset" 373
"../../../Engine/Content/VREditor/Fonts/TranslucentVRTextMaterial.uasset" 374
"../../../Engine/Content/VREditor/LaserPointer/CursorPointer.uasset" 375
"../../../Engine/Content/VREditor/LaserPointer/VR_LaserPower_01.uasset" 376
"../../../Engine/Content/VREditor/TransformGizmo/TransformGizmoMaterial.uasset" 377
"../../../Engine/Content/VREditor/LaserPointer/HoverMaterial.uasset" 378
"../../../Engine/Content/VREditor/TransformGizmo/TranslucentTransformGizmoMaterial.uasset" 379
"../../../Engine/Content/VREditor/LaserPointer/TranslucentHoverMaterial.uasset" 380
"../../../Engine/Content/VREditor/LaserPointer/HoverMesh.uasset" 381
"../../../Engine/Content/VREditor/LaserPointer/LaserPointerMaterial.uasset" 382
"../../../Engine/Content/VREditor/LaserPointer/LaserPointerMaterialInst.uasset" 383
"../../../Engine/Content/VREditor/LaserPointer/TranslucentLaserPointerMaterialInst.uasset" 384
"../../../Engine/Content/VREditor/LaserPointer/LaserPointerMesh.uasset" 385
"../../../Engine/Content/VREditor/LaserPointer/LaserPointerMesh_End.uasset" 386
"../../../Engine/Content/VREditor/LaserPointer/LaserPointerMesh_Start.uasset" 387
"../../../Engine/Content/Functions/Engine_MaterialFunctions02/Utility/BreakOutFloat3Components.uasset" 388
"../../../Engine/Content/Functions/Engine_MaterialFunctions02/Math/Transform3x3Matrix.uasset" 389
"../../../Engine/Content/Functions/Engine_MaterialFunctions02/SplitComponents.uasset" 390
"../../../Engine/Content/Functions/Engine_MaterialFunctions02/Utility/MakeFloat3.uasset" 391
"../../../Engine/Content/VREditor/SnapGrid/SnapGridMaterial.uasset" 392
"../../../Engine/Content/VREditor/SnapGrid/SnapGridPlaneMesh.uasset" 393
"../../../Engine/Content/VREditor/Sounds/VR_teleport.uasset" 394
"../../../Engine/Content/VREditor/Sounds/UI/Click_on_Button_Cue.uasset" 395
"../../../Engine/Content/VREditor/Sounds/UI/Dockable_Window_Close.uasset" 396
"../../../Engine/Content/VREditor/Sounds/UI/Dockable_Window_Drop.uasset" 397
"../../../Engine/Content/VREditor/Sounds/UI/Dockable_Window_Open.uasset" 398
"../../../Engine/Content/VREditor/Sounds/UI/Dockable_Window_Pick_Up.uasset" 399
"../../../Engine/Content/VREditor/Sounds/UI/Drop_Item_From_ContentBrowser.uasset" 400
"../../../Engine/Content/VREditor/Sounds/UI/Floating_UI_Open-001.uasset" 401
"../../../Engine/Content/VREditor/Sounds/UI/Gizmo_Handle_Clicked.uasset" 402
"../../../Engine/Content/VREditor/Sounds/UI/Object_PickUp.uasset" 403
"../../../Engine/Content/VREditor/Sounds/UI/Object_Snaps_To_Another_Actor.uasset" 404
"../../../Engine/Content/VREditor/Sounds/UI/Object_Snaps_To_Grid.uasset" 405
"../../../Engine/Content/VREditor/Sounds/UI/Radial_Menu_FadeOut.uasset" 406
"../../../Engine/Content/VREditor/Sounds/UI/Scaling_Down.uasset" 407
"../../../Engine/Content/VREditor/Sounds/UI/Scaling_Up.uasset" 408
"../../../Engine/Content/VREditor/Sounds/UI/Selection_Changes.uasset" 409
"../../../Engine/Content/VREditor/Sounds/UI/Teleport_Mode_Entered.uasset" 410
"../../../Engine/Content/VREditor/Teleport/TeleportDirectionMaterial.uasset" 411
"../../../Engine/Content/VREditor/Teleport/TeleportDirectionMaterial_Inst.uasset" 412
"../../../Engine/Content/VREditor/Teleport/TeleportDirectionMesh.uasset" 413
"../../../Engine/Content/VREditor/TransformGizmo/BoundingBoxCorner.uasset" 414
"../../../Engine/Content/VREditor/TransformGizmo/BoundingBoxEdge.uasset" 415
"../../../Engine/Content/VREditor/TransformGizmo/PlaneTranslationHandle.uasset" 416
"../../../Engine/Content/VREditor/TransformGizmo/RotationHandleFull.uasset" 417
"../../../Engine/Content/VREditor/TransformGizmo/RotationHandleIndicator.uasset" 418
"../../../Engine/Content/VREditor/TransformGizmo/RotationHandleQuarter.uasset" 419
"../../../Engine/Content/VREditor/TransformGizmo/Main.uasset" 420
"../../../Engine/Content/VREditor/TransformGizmo/Xray.uasset" 421
"../../../Engine/Content/VREditor/TransformGizmo/SM_Dialog_Close.uasset" 422
"../../../Engine/Content/VREditor/TransformGizmo/SM_Dialog_Move.uasset" 423
"../../../Engine/Content/VREditor/TransformGizmo/SM_Sequencer_Key.uasset" 424
"../../../Engine/Content/VREditor/TransformGizmo/SM_Sequencer_Node.uasset" 425
"../../../Engine/Content/VREditor/TransformGizmo/StartRotationHandleIndicator.uasset" 426
"../../../Engine/Content/VREditor/TransformGizmo/TranslucentTransformGizmoMaterial_Inst.uasset" 427
"../../../Engine/Content/VREditor/TransformGizmo/TransformGizmoFreeRotation.uasset" 428
"../../../Engine/Content/VREditor/TransformGizmo/TransformGizmoMaterial_Inst.uasset" 429
"../../../Engine/Content/VREditor/TransformGizmo/TranslateArrowHandle.uasset" 430
"../../../Engine/Content/VREditor/TransformGizmo/UniformScaleHandle.uasset" 431
"../../../Engine/Content/VREditor/UI/KeyDiskMaterial.uasset" 432
"../../../Engine/Content/VREditor/UI/DiscMaterial.uasset" 433
"../../../Engine/Content/VREditor/UI/SM_Radial_Disk.uasset" 434
"../../../Engine/Content/VREditor/WorldMovementGrid/SimpleGrid.uasset" 435
"../../../Engine/Content/VREditor/WorldMovementGrid/GridMaterial.uasset" 436
"../../../Engine/Content/VREditor/WorldMovementGrid/GridPostProcess.uasset" 437
"../../../Engine/Content/EditorLandscapeResources/FlattenHeightMat.uasset" 438
"../../../Engine/Content/VREditor/WorldMovementGrid/PlaneMesh.uasset" 439
"../../../Engine/Plugins/2D/Paper2D/Content/PlaceholderTextures/DummySpriteTexture.uasset" 440
"../../../Engine/Plugins/2D/Paper2D/Content/DummySprite.uasset" 441
"../../../Engine/Plugins/2D/Paper2D/Content/DefaultPaperTerrainMaterial.uasset" 442
"../../../Engine/Plugins/2D/Paper2D/Content/DefaultSpriteMaterial.uasset" 443
"../../../Engine/Plugins/2D/Paper2D/Content/MaskedUnlitSpriteMaterial.uasset" 444
"../../../Engine/Plugins/2D/Paper2D/Content/OpaqueUnlitSpriteMaterial.uasset" 445
"../../../Engine/Plugins/Media/MediaCompositing/Content/DefaultMediaPlaneMaterial.uasset" 446
"../../../Engine/Content/Functions/Engine_MaterialFunctions02/Utility/MakeFloat4.uasset" 447
"../../../Engine/Plugins/Runtime/AppleARKit/Content/ARKitCameraMaterial.uasset" 448
"../../../Engine/Plugins/Runtime/Oculus/OculusVR/Content/Textures/GearVRController_AO.uasset" 449
"../../../Engine/Plugins/Runtime/Oculus/OculusVR/Content/Textures/GearVRController_Color.uasset" 450
"../../../Engine/Plugins/Runtime/Oculus/OculusVR/Content/Textures/GearVRController_Normal.uasset" 451
"../../../Engine/Plugins/Runtime/Oculus/OculusVR/Content/Materials/GearVRControllerMaterial.uasset" 452
"../../../Engine/Plugins/Runtime/Oculus/OculusVR/Content/Meshes/GearVrController.uasset" 453
"../../../Engine/Content/EngineSky/C_Sky_Cloud_Color.uasset" 454
"../../../Engine/Content/EngineSky/C_Sky_Horizon_Color.uasset" 455
"../../../Engine/Content/EngineSky/C_Sky_Zenith_Color.uasset" 456
"../../../Engine/Content/EngineSky/T_Sky_Blue.uasset" 457
"../../../Engine/Content/EngineSky/T_Sky_Clouds_M.uasset" 458
"../../../Engine/Content/EngineSky/T_Sky_Stars.uasset" 459
"../../../Engine/Content/EngineSky/M_Sky_Panning_Clouds2.uasset" 460
"../../../Engine/Content/EngineSky/SM_SkySphere.uasset" 461
"../../../Engine/Content/EngineSky/BP_Sky_Sphere.uasset" 462
"../../../Engine/Content/Functions/Engine_MaterialFunctions03/Procedurals/ComputeFilterWidth.uasset" 463
"../../../Engine/Content/EngineMaterials/AntiAliasedTextMaterialTranslucent.uasset" 464
"../../../LevelDesignProject/Content/FirstPerson/Meshes/CubeMaterialOverride.uasset" 465
"../../../LevelDesignProject/Content/Geometry/Meshes/1M_Cube.uasset" 466
"../../../LevelDesignProject/Content/FirstPersonBP/Maps/FirstPersonExampleMap.umap" 467
"../../../LevelDesignProject/Content/Blueprints/BP_Sky_Sphere_Night.uasset" 468
"../../../LevelDesignProject/Content/Levels/Clocktower_BuiltData.uasset" 469
"../../../LevelDesignProject/Content/Materials/M_Snow_Basic.uasset" 470
"../../../LevelDesignProject/Content/Meshes/Settlement/M_Wood_Pine_Snowy.uasset" 471
"../../../LevelDesignProject/Content/Textures/container_normal.uasset" 472
"../../../LevelDesignProject/Content/Textures/container_roughness.uasset" 473
"../../../LevelDesignProject/Content/Meshes/Settlement/M_container.uasset" 474
"../../../LevelDesignProject/Content/Meshes/Settlement/M_container_blue.uasset" 475
"../../../LevelDesignProject/Content/Meshes/Settlement/M_tent1.uasset" 476
"../../../LevelDesignProject/Content/Meshes/Settlement/M_tent1_brown.uasset" 477
"../../../LevelDesignProject/Content/Textures/clocktower_colours.uasset" 478
"../../../LevelDesignProject/Content/Textures/clocktower_metallic.uasset" 479
"../../../LevelDesignProject/Content/Textures/clocktower_normals.uasset" 480
"../../../LevelDesignProject/Content/Textures/clocktower_roughness.uasset" 481
"../../../LevelDesignProject/Content/Meshes/Clocktower/M_Clocktower.uasset" 482
"../../../LevelDesignProject/Content/Meshes/Clocktower/big_ben_complete.uasset" 483
"../../../LevelDesignProject/Content/Meshes/Settlement/M_brazier.uasset" 484
"../../../LevelDesignProject/Content/Meshes/Settlement/brazier1.uasset" 485
"../../../LevelDesignProject/Content/Meshes/Settlement/container1.uasset" 486
"../../../LevelDesignProject/Content/Meshes/Settlement/container1_door1.uasset" 487
"../../../LevelDesignProject/Content/Meshes/Settlement/container1_door2.uasset" 488
"../../../LevelDesignProject/Content/StarterContent/Materials/M_Wood_Pine.uasset" 489
"../../../LevelDesignProject/Content/Meshes/Settlement/shack1.uasset" 490
"../../../LevelDesignProject/Content/Meshes/Settlement/tent1.uasset" 491
"../../../LevelDesignProject/Content/Meshes/Settlement/watchtower1.uasset" 492
"../../../LevelDesignProject/Content/StarterContent/Textures/T_Fire_SubUV.uasset" 493
"../../../LevelDesignProject/Content/StarterContent/Textures/T_Fire_Tiled_D.uasset" 494
"../../../LevelDesignProject/Content/StarterContent/Particles/Materials/M_Fire_SubUV.uasset" 495
"../../../LevelDesignProject/Content/StarterContent/Textures/T_Water_N.uasset" 496
"../../../LevelDesignProject/Content/StarterContent/Particles/Materials/M_Heat_Distortion.uasset" 497
"../../../LevelDesignProject/Content/StarterContent/Particles/Materials/M_Radial_Gradient.uasset" 498
"../../../LevelDesignProject/Content/StarterContent/Particles/P_Fire.uasset" 499
"../../../LevelDesignProject/Content/Levels/Clocktower.umap" 500
"../../../LevelDesignProject/Content/Audio/SoundEffects/SND_Button_Submit.uasset" 501
"../../../LevelDesignProject/Content/UI/Sprites/Credits.uasset" 502
"../../../LevelDesignProject/Content/UI/Sprites/logo.uasset" 503
"../../../LevelDesignProject/Content/UI/Sprites/thanks.uasset" 504
"../../../LevelDesignProject/Content/UI/Credits.uasset" 505
"../../../LevelDesignProject/Content/Levels/Credits.umap" 506
"../../../LevelDesignProject/Content/Levels/Level1_sharedassets/Ice_LayerInfo_WB.uasset" 507
"../../../LevelDesignProject/Content/Levels/Level1_sharedassets/Snow_LayerInfo_WB.uasset" 508
"../../../LevelDesignProject/Content/Footsteps/Phys_Snow.uasset" 509
"../../../LevelDesignProject/Content/Textures/TexturesCom_Ice_Cracked_1K_albedo.uasset" 510
"../../../LevelDesignProject/Content/Textures/TexturesCom_Ice_Cracked_1K_normal.uasset" 511
"../../../LevelDesignProject/Content/Textures/TexturesCom_Ice_Cracked_1K_roughness.uasset" 512
"../../../LevelDesignProject/Content/Materials/M_Snow.uasset" 513
"../../../Engine/Content/EngineMaterials/DefaultPhysicalMaterial.uasset" 514
"../../../LevelDesignProject/Content/Levels/Landscape.umap" 515
"../../../LevelDesignProject/Content/Spyros/Spyros_Skeleton.uasset" 516
"../../../LevelDesignProject/Content/Spyros/Spyros_Anim.uasset" 517
"../../../LevelDesignProject/Content/Audio/FireAttenuation.uasset" 518
"../../../LevelDesignProject/Content/Audio/SoundEffects/FABRIC_Movement_Fast_02_mono.uasset" 519
"../../../LevelDesignProject/Content/Audio/SoundEffects/FOLEY_Light_Match_mono.uasset" 520
"../../../LevelDesignProject/Content/Audio/SoundEffects/SND_Fire.uasset" 521
"../../../LevelDesignProject/Content/Audio/SoundEffects/SND_ow.uasset" 522
"../../../LevelDesignProject/Content/Audio/SoundEffects/SND_ow_Cue.uasset" 523
"../../../LevelDesignProject/Content/UI/Sprites/interact.uasset" 524
"../../../LevelDesignProject/Content/UI/InteractWidget.uasset" 525
"../../../LevelDesignProject/Content/Blueprints/P_Fire_Blueprint.uasset" 526
"../../../LevelDesignProject/Content/Audio/SoundEffects/SND_New_Clue_Found.uasset" 527
"../../../LevelDesignProject/Content/Blueprints/WinBox_Blueprint.uasset" 528
"../../../LevelDesignProject/Content/Meshes/Note.uasset" 529
"../../../LevelDesignProject/Content/UI/Sprites/Note1.uasset" 530
"../../../LevelDesignProject/Content/UI/Sprites/note2.uasset" 531
"../../../LevelDesignProject/Content/UI/NoteWidget.uasset" 532
"../../../LevelDesignProject/Content/UI/Sprites/prompt.uasset" 533
"../../../LevelDesignProject/Content/UI/PromptWidget.uasset" 534
"../../../LevelDesignProject/Content/Blueprints/Note_Blueprint.uasset" 535
"../../../LevelDesignProject/Content/CombinationLock/BigBenDoorCombo.uasset" 536
"../../../LevelDesignProject/Content/Key_Blueprint.uasset" 537
"../../../LevelDesignProject/Content/Levels/Level1_BuiltData.uasset" 538
"../../../LevelDesignProject/Content/Materials/M_Base_White.uasset" 539
"../../../LevelDesignProject/Content/Materials/T_Key.uasset" 540
"../../../LevelDesignProject/Content/StarterContent/Textures/T_Metal_Steel_N.uasset" 541
"../../../LevelDesignProject/Content/Materials/M_Key.uasset" 542
"../../../LevelDesignProject/Content/Materials/MAT1.uasset" 543
"../../../LevelDesignProject/Content/Materials/MAT4.uasset" 544
"../../../LevelDesignProject/Content/Materials/MAT6.uasset" 545
"../../../LevelDesignProject/Content/Materials/MAT8.uasset" 546
"../../../LevelDesignProject/Content/Materials/MAT9.uasset" 547
"../../../LevelDesignProject/Content/Textures/GBflag.uasset" 548
"../../../LevelDesignProject/Content/Textures/GBflagNormal.uasset" 549
"../../../LevelDesignProject/Content/Materials/MAT_Flag.uasset" 550
"../../../LevelDesignProject/Content/Materials/MAT_Note.uasset" 551
"../../../LevelDesignProject/Content/Materials/MAT_Note1.uasset" 552
"../../../LevelDesignProject/Content/Spyros/Textures/spyro_Body_AmbientOcclusion.uasset" 553
"../../../LevelDesignProject/Content/Spyros/Textures/spyro_Body_BaseColor.uasset" 554
"../../../LevelDesignProject/Content/Spyros/Textures/spyro_Body_Metallic.uasset" 555
"../../../LevelDesignProject/Content/Spyros/Textures/spyro_Body_Normal.uasset" 556
"../../../LevelDesignProject/Content/Spyros/Textures/spyro_Body_Roughness.uasset" 557
"../../../LevelDesignProject/Content/Spyros/M_Spyros_Body.uasset" 558
"../../../LevelDesignProject/Content/Spyros/Textures/spyro_Shoes_AmbientOcclusion.uasset" 559
"../../../LevelDesignProject/Content/Spyros/Textures/spyro_Shoes_BaseColor.uasset" 560
"../../../LevelDesignProject/Content/Spyros/Textures/spyro_Shoes_Metallic.uasset" 561
"../../../LevelDesignProject/Content/Spyros/Textures/spyro_Shoes_Normal.uasset" 562
"../../../LevelDesignProject/Content/Spyros/Textures/spyro_Shoes_Roughness.uasset" 563
"../../../LevelDesignProject/Content/Spyros/M_Spyros_Boots.uasset" 564
"../../../LevelDesignProject/Content/Spyros/Textures/spyro_Bottom_AmbientOcclusion.uasset" 565
"../../../LevelDesignProject/Content/Spyros/Textures/spyro_Bottom_BaseColor.uasset" 566
"../../../LevelDesignProject/Content/Spyros/Textures/spyro_Bottom_Metallic.uasset" 567
"../../../LevelDesignProject/Content/Spyros/Textures/spyro_Bottom_Normal.uasset" 568
"../../../LevelDesignProject/Content/Spyros/Textures/spyro_Bottom_Roughness.uasset" 569
"../../../LevelDesignProject/Content/Spyros/M_Spyros_Bottom.uasset" 570
"../../../LevelDesignProject/Content/Spyros/Textures/spyro_Eyewear_AmbientOcclusion.uasset" 571
"../../../LevelDesignProject/Content/Spyros/Textures/spyro_Eyewear_BaseColor.uasset" 572
"../../../LevelDesignProject/Content/Spyros/Textures/spyro_Eyewear_Metallic.uasset" 573
"../../../LevelDesignProject/Content/Spyros/Textures/spyro_Eyewear_Normal.uasset" 574
"../../../LevelDesignProject/Content/Spyros/Textures/spyro_Eyewear_Roughness.uasset" 575
"../../../LevelDesignProject/Content/Spyros/M_Spyros_Eyewear.uasset" 576
"../../../LevelDesignProject/Content/Spyros/Textures/spyro_Glove_AmbientOcclusion.uasset" 577
"../../../LevelDesignProject/Content/Spyros/Textures/spyro_Glove_BaseColor.uasset" 578
"../../../LevelDesignProject/Content/Spyros/Textures/spyro_Glove_Metallic.uasset" 579
"../../../LevelDesignProject/Content/Spyros/Textures/spyro_Glove_Normal.uasset" 580
"../../../LevelDesignProject/Content/Spyros/Textures/spyro_Glove_Roughness.uasset" 581
"../../../LevelDesignProject/Content/Spyros/M_Spyros_Gloves.uasset" 582
"../../../LevelDesignProject/Content/Spyros/Textures/spyro_Hair_AmbientOcclusion.uasset" 583
"../../../LevelDesignProject/Content/Spyros/Textures/spyro_Hair_BaseColor.uasset" 584
"../../../LevelDesignProject/Content/Spyros/Textures/spyro_Hair_Metallic.uasset" 585
"../../../LevelDesignProject/Content/Spyros/Textures/spyro_Hair_Normal.uasset" 586
"../../../LevelDesignProject/Content/Spyros/Textures/spyro_Hair_Roughness.uasset" 587
"../../../LevelDesignProject/Content/Spyros/M_Spyros_Hair.uasset" 588
"../../../LevelDesignProject/Content/Spyros/Textures/spyro_Top_AmbientOcclusion.uasset" 589
"../../../LevelDesignProject/Content/Spyros/Textures/spyro_Top_BaseColor.uasset" 590
"../../../LevelDesignProject/Content/Spyros/Textures/spyro_Top_Metallic.uasset" 591
"../../../LevelDesignProject/Content/Spyros/Textures/spyro_Top_Normal.uasset" 592
"../../../LevelDesignProject/Content/Spyros/Textures/spyro_Top_Roughness.uasset" 593
"../../../LevelDesignProject/Content/Spyros/M_Spyros_Torso.uasset" 594
"../../../LevelDesignProject/Content/SurvivorCamp/Survivor/Textures/T_Metal_WireFence__LightRust_alpha.uasset" 595
"../../../LevelDesignProject/Content/SurvivorCamp/Survivor/Textures/T_Metal_WireFence__LightRust_normal.uasset" 596
"../../../LevelDesignProject/Content/SurvivorCamp/Survivor/M_Fence.uasset" 597
"../../../LevelDesignProject/Content/SurvivorCamp/Survivor/M_Fence_2.uasset" 598
"../../../LevelDesignProject/Content/SurvivorCamp/Survivor/T_Lamp.uasset" 599
"../../../LevelDesignProject/Content/SurvivorCamp/Survivor/M_Lamp.uasset" 600
"../../../LevelDesignProject/Content/SurvivorCamp/Survivor/Textures/TexturesCom_WoodPlanks_2x2_1K_albedo.uasset" 601
"../../../LevelDesignProject/Content/SurvivorCamp/Survivor/Textures/TexturesCom_WoodPlanks_2x2_1K_normal.uasset" 602
"../../../LevelDesignProject/Content/SurvivorCamp/Survivor/M_Wood.uasset" 603
"../../../LevelDesignProject/Content/SurvivorCamp/Survivor/Textures/TexturesCom_CharredPlanks_06x06_1K_albedo.uasset" 604
"../../../LevelDesignProject/Content/SurvivorCamp/Survivor/M_Wood_2.uasset" 605
"../../../Engine/Content/BasicShapes/Cylinder.uasset" 606
"../../../Engine/Content/MapTemplates/SM_Template_Map_Floor.uasset" 607
"../../../LevelDesignProject/Content/Audio/SoundEffects/SND_Flag.uasset" 608
"../../../LevelDesignProject/Content/Meshes/Clocktower/big_ben_staircase.uasset" 609
"../../../LevelDesignProject/Content/Meshes/Flag.uasset" 610
"../../../LevelDesignProject/Content/Meshes/Key.uasset" 611
"../../../LevelDesignProject/Content/Spyros/Spyros_PhysicsAsset.uasset" 612
"../../../LevelDesignProject/Content/Spyros/Spyros.uasset" 613
"../../../LevelDesignProject/Content/SurvivorCamp/Survivor/lamp_broke.uasset" 614
"../../../LevelDesignProject/Content/SurvivorCamp/Survivor/Textures/T_PhoneBox.uasset" 615
"../../../LevelDesignProject/Content/SurvivorCamp/Survivor/M_PhoneBox.uasset" 616
"../../../LevelDesignProject/Content/SurvivorCamp/Survivor/phone_box.uasset" 617
"../../../LevelDesignProject/Content/SurvivorCamp/Survivor/Settlement_Arch_pb-MergedObject-52258_0.uasset" 618
"../../../LevelDesignProject/Content/SurvivorCamp/Survivor/Settlement_Arch_pb-MergedObject-52258_1.uasset" 619
"../../../LevelDesignProject/Content/SurvivorCamp/Survivor/Default-Material.uasset" 620
"../../../LevelDesignProject/Content/SurvivorCamp/Survivor/Settlement_Arch_pb-MergedObject-52258_2.uasset" 621
"../../../LevelDesignProject/Content/SurvivorCamp/Survivor/Textures/TexturesCom_TreeBark_1K_albedo.uasset" 622
"../../../LevelDesignProject/Content/SurvivorCamp/Survivor/Textures/TexturesCom_TreeBark_1K_normal.uasset" 623
"../../../LevelDesignProject/Content/SurvivorCamp/Survivor/M_Bark.uasset" 624
"../../../LevelDesignProject/Content/SurvivorCamp/Survivor/Settlement_Arch_pb-MergedObject-52258_3.uasset" 625
"../../../LevelDesignProject/Content/SurvivorCamp/Survivor/Settlement_Arch_pb-MergedObject-52258_4.uasset" 626
"../../../LevelDesignProject/Content/UI/Sprites/settlement_found.uasset" 627
"../../../LevelDesignProject/Content/UI/LocationWidget.uasset" 628
"../../../LevelDesignProject/Content/Levels/Level1.umap" 629
"../../../LevelDesignProject/Content/UI/Sprites/MenuBackground.uasset" 630
"../../../LevelDesignProject/Content/UI/Options.uasset" 631
"../../../LevelDesignProject/Content/UI/Menu.uasset" 632
"../../../LevelDesignProject/Content/Levels/MainMenu.umap" 633
"../../../LevelDesignProject/Content/Levels/Settlement_BuiltData.uasset" 634
"../../../LevelDesignProject/Content/Meshes/Clocktower/big_ben.uasset" 635
"../../../LevelDesignProject/Content/Meshes/Clocktower/big_ben_clockface.uasset" 636
"../../../LevelDesignProject/Content/Meshes/Clocktower/big_ben_face_block_1.uasset" 637
"../../../LevelDesignProject/Content/Meshes/Clocktower/big_ben_face_border.uasset" 638
"../../../LevelDesignProject/Content/Meshes/Clocktower/big_ben_face_pillar_1fbx.uasset" 639
"../../../LevelDesignProject/Content/Levels/Settlement.umap" 640
"../../../LevelDesignProject/Content/StarterContent/Blueprints/Assets/FogBrightnessLUT.uasset" 641
"../../../LevelDesignProject/Content/StarterContent/Blueprints/Assets/SunlightColorLUT.uasset" 642
"../../../LevelDesignProject/Content/StarterContent/Blueprints/Assets/M_LightStage_Arrows.uasset" 643
"../../../Engine/Content/MapTemplates/Sky/DaylightAmbientCubemap.uasset" 644
"../../../LevelDesignProject/Content/StarterContent/Blueprints/Assets/M_LightStage_Skybox_Master.uasset" 645
"../../../LevelDesignProject/Content/StarterContent/Blueprints/Assets/M_LightStage_Skybox_Black.uasset" 646
"../../../LevelDesignProject/Content/StarterContent/Blueprints/Assets/M_LightStage_Skybox_HDRI.uasset" 647
"../../../Engine/Content/EditorMaterials/Thumbnails/SkySphereMaterial.uasset" 648
"../../../LevelDesignProject/Content/StarterContent/Blueprints/Assets/Skybox.uasset" 649
"../../../LevelDesignProject/Content/StarterContent/Blueprints/Assets/SM_Arrows.uasset" 650
"../../../LevelDesignProject/Content/StarterContent/HDRI/HDRI_Epic_Courtyard_Daylight.uasset" 651
"../../../LevelDesignProject/Content/StarterContent/Blueprints/BP_LightStudio.uasset" 652
"../../../LevelDesignProject/Content/StarterContent/Maps/Advanced_Lighting_BuiltData.uasset" 653
"../../../LevelDesignProject/Content/StarterContent/Materials/M_AssetPlatform.uasset" 654
"../../../Engine/Content/EditorMeshes/ColorCalibrator/M_ChromeBall.uasset" 655
"../../../Engine/Content/EditorMeshes/ColorCalibrator/M_ClearCoat.uasset" 656
"../../../Engine/Content/EditorMeshes/ColorCalibrator/M_ClearCoatBlack.uasset" 657
"../../../Engine/Content/EditorMeshes/ColorCalibrator/Color_checker.uasset" 658
"../../../Engine/Content/EditorMeshes/ColorCalibrator/M_ColorGrid.uasset" 659
"../../../Engine/Content/EditorMeshes/ColorCalibrator/M_GreyBall.uasset" 660
"../../../Engine/Content/EditorMeshes/ColorCalibrator/SM_ColorCalibrator.uasset" 661
"../../../LevelDesignProject/Content/StarterContent/Architecture/SM_AssetPlatform.uasset" 662
"../../../LevelDesignProject/Content/StarterContent/Maps/Advanced_Lighting.umap" 663
"../../../LevelDesignProject/Content/StarterContent/Maps/Minimal_Default_BuiltData.uasset" 664
"../../../LevelDesignProject/Content/StarterContent/Materials/M_Metal_Brushed_Nickel.uasset" 665
"../../../LevelDesignProject/Content/StarterContent/Textures/T_Metal_Aluminum_D.uasset" 666
"../../../LevelDesignProject/Content/StarterContent/Materials/M_Metal_Burnished_Steel.uasset" 667
"../../../LevelDesignProject/Content/StarterContent/Textures/T_Metal_Copper_D.uasset" 668
"../../../LevelDesignProject/Content/StarterContent/Materials/M_Metal_Copper.uasset" 669
"../../../LevelDesignProject/Content/StarterContent/Textures/T_Statue_M.uasset" 670
"../../../LevelDesignProject/Content/StarterContent/Textures/T_Statue_N.uasset" 671
"../../../LevelDesignProject/Content/StarterContent/Props/Materials/M_StatueGlass.uasset" 672
"../../../LevelDesignProject/Content/StarterContent/Architecture/Floor_400x400.uasset" 673
"../../../LevelDesignProject/Content/StarterContent/Audio/Starter_Background_Cue.uasset" 674
"../../../LevelDesignProject/Content/StarterContent/Props/SM_Chair.uasset" 675
"../../../LevelDesignProject/Content/StarterContent/Props/Materials/M_Statue.uasset" 676
"../../../LevelDesignProject/Content/StarterContent/Props/SM_Statue.uasset" 677
"../../../LevelDesignProject/Content/StarterContent/Textures/T_TableRound_M.uasset" 678
"../../../LevelDesignProject/Content/StarterContent/Textures/T_TableRound_N.uasset" 679
"../../../LevelDesignProject/Content/StarterContent/Props/Materials/M_TableRound.uasset" 680
"../../../LevelDesignProject/Content/StarterContent/Props/SM_TableRound.uasset" 681
"../../../LevelDesignProject/Content/StarterContent/Maps/Minimal_Default.umap" 682
"../../../LevelDesignProject/Content/StarterContent/Audio/Fire01_Cue.uasset" 683
"../../../LevelDesignProject/Content/StarterContent/Blueprints/Blueprint_Effect_Fire.uasset" 684
"../../../LevelDesignProject/Content/StarterContent/Audio/Smoke01_Cue.uasset" 685
"../../../LevelDesignProject/Content/StarterContent/Particles/P_Smoke.uasset" 686
"../../../LevelDesignProject/Content/StarterContent/Blueprints/Blueprint_Effect_Smoke.uasset" 687
"../../../LevelDesignProject/Content/StarterContent/Audio/Fire_Sparks01_Cue.uasset" 688
"../../../LevelDesignProject/Content/StarterContent/Textures/T_Spark_Core.uasset" 689
"../../../LevelDesignProject/Content/StarterContent/Particles/Materials/M_Spark.uasset" 690
"../../../LevelDesignProject/Content/StarterContent/Particles/P_Sparks.uasset" 691
"../../../LevelDesignProject/Content/StarterContent/Blueprints/Blueprint_Effect_Sparks.uasset" 692
"../../../LevelDesignProject/Content/StarterContent/Audio/Steam01_Cue.uasset" 693
"../../../LevelDesignProject/Content/StarterContent/Particles/P_Steam_Lit.uasset" 694
"../../../LevelDesignProject/Content/StarterContent/Blueprints/Blueprint_Effect_Steam.uasset" 695
"../../../LevelDesignProject/Content/StarterContent/Textures/T_Lamp_M.uasset" 696
"../../../LevelDesignProject/Content/StarterContent/Textures/T_Lamp_N.uasset" 697
"../../../LevelDesignProject/Content/StarterContent/Props/Materials/M_Lamp.uasset" 698
"../../../LevelDesignProject/Content/StarterContent/Props/SM_Lamp_Ceiling.uasset" 699
"../../../LevelDesignProject/Content/StarterContent/Blueprints/Blueprint_CeilingLight.uasset" 700
"../../../LevelDesignProject/Content/StarterContent/Props/SM_Lamp_Wall.uasset" 701
"../../../LevelDesignProject/Content/StarterContent/Blueprints/Blueprint_WallSconce.uasset" 702
"../../../LevelDesignProject/Content/StarterContent/Maps/StarterMap_BuiltData.uasset" 703
"../../../LevelDesignProject/Content/StarterContent/Textures/T_Brick_Clay_Beveled_D.uasset" 704
"../../../LevelDesignProject/Content/StarterContent/Textures/T_Brick_Clay_Beveled_M.uasset" 705
"../../../LevelDesignProject/Content/StarterContent/Materials/M_Brick_Clay_Beveled.uasset" 706
"../../../LevelDesignProject/Content/StarterContent/Textures/T_Brick_Clay_New_D.uasset" 707
"../../../LevelDesignProject/Content/StarterContent/Textures/T_Brick_Clay_New_M.uasset" 708
"../../../LevelDesignProject/Content/StarterContent/Textures/T_Brick_Clay_New_N.uasset" 709
"../../../LevelDesignProject/Content/StarterContent/Materials/M_Brick_Clay_New.uasset" 710
"../../../LevelDesignProject/Content/StarterContent/Textures/T_Brick_Clay_Old_D.uasset" 711
"../../../LevelDesignProject/Content/StarterContent/Textures/T_Brick_Clay_Old_N.uasset" 712
"../../../LevelDesignProject/Content/StarterContent/Materials/M_Brick_Clay_Old.uasset" 713
"../../../LevelDesignProject/Content/StarterContent/Textures/T_Brick_Cut_Stone_D.uasset" 714
"../../../LevelDesignProject/Content/StarterContent/Textures/T_Brick_Cut_Stone_N.uasset" 715
"../../../LevelDesignProject/Content/StarterContent/Materials/M_Brick_Cut_Stone.uasset" 716
"../../../LevelDesignProject/Content/StarterContent/Textures/T_Brick_Hewn_Stone_D.uasset" 717
"../../../LevelDesignProject/Content/StarterContent/Textures/T_Brick_Hewn_Stone_M.uasset" 718
"../../../LevelDesignProject/Content/StarterContent/Textures/T_Brick_Hewn_Stone_N.uasset" 719
"../../../LevelDesignProject/Content/StarterContent/Materials/M_Brick_Hewn_Stone.uasset" 720
"../../../LevelDesignProject/Content/StarterContent/Textures/T_Ceramic_Tile_M.uasset" 721
"../../../LevelDesignProject/Content/StarterContent/Textures/T_Ceramic_Tile_N.uasset" 722
"../../../LevelDesignProject/Content/StarterContent/Textures/T_Rock_Marble_Polished_D.uasset" 723
"../../../LevelDesignProject/Content/StarterContent/Materials/M_Ceramic_Tile_Checker.uasset" 724
"../../../LevelDesignProject/Content/StarterContent/Textures/T_CobbleStone_Pebble_D.uasset" 725
"../../../LevelDesignProject/Content/StarterContent/Textures/T_CobbleStone_Pebble_M.uasset" 726
"../../../LevelDesignProject/Content/StarterContent/Textures/T_CobbleStone_Pebble_N.uasset" 727
"../../../LevelDesignProject/Content/StarterContent/Materials/M_CobbleStone_Pebble.uasset" 728
"../../../LevelDesignProject/Content/StarterContent/Textures/T_CobbleStone_Rough_D.uasset" 729
"../../../LevelDesignProject/Content/StarterContent/Textures/T_CobbleStone_Rough_N.uasset" 730
"../../../LevelDesignProject/Content/StarterContent/Textures/T_Gradinet_01.uasset" 731
"../../../LevelDesignProject/Content/StarterContent/Textures/T_Rock_Smooth_Granite_D.uasset" 732
"../../../LevelDesignProject/Content/StarterContent/Materials/M_CobbleStone_Rough.uasset" 733
"../../../LevelDesignProject/Content/StarterContent/Textures/T_CobbleStone_Smooth_D.uasset" 734
"../../../LevelDesignProject/Content/StarterContent/Textures/T_CobbleStone_Smooth_M.uasset" 735
"../../../LevelDesignProject/Content/StarterContent/Textures/T_CobbleStone_Smooth_N.uasset" 736
"../../../LevelDesignProject/Content/StarterContent/Materials/M_CobbleStone_Smooth.uasset" 737
"../../../LevelDesignProject/Content/StarterContent/Textures/T_Concrete_Grime_D.uasset" 738
"../../../LevelDesignProject/Content/StarterContent/Textures/T_Metal_Rust_N.uasset" 739
"../../../LevelDesignProject/Content/StarterContent/Materials/M_Concrete_Grime.uasset" 740
"../../../LevelDesignProject/Content/StarterContent/Textures/T_Concrete_Panels_D.uasset" 741
"../../../LevelDesignProject/Content/StarterContent/Textures/T_Concrete_Panels_N.uasset" 742
"../../../LevelDesignProject/Content/StarterContent/Materials/M_Concrete_Panels.uasset" 743
"../../../LevelDesignProject/Content/StarterContent/Textures/T_Concrete_Poured_D.uasset" 744
"../../../LevelDesignProject/Content/StarterContent/Textures/T_Concrete_Poured_N.uasset" 745
"../../../LevelDesignProject/Content/StarterContent/Materials/M_Concrete_Poured.uasset" 746
"../../../LevelDesignProject/Content/StarterContent/Textures/T_Concrete_Tiles_D.uasset" 747
"../../../LevelDesignProject/Content/StarterContent/Textures/T_Concrete_Tiles_M.uasset" 748
"../../../LevelDesignProject/Content/StarterContent/Textures/T_Concrete_Tiles_N.uasset" 749
"../../../LevelDesignProject/Content/StarterContent/Textures/T_Concrete_Tiles_Variation_M.uasset" 750
"../../../LevelDesignProject/Content/StarterContent/Materials/M_Concrete_Tiles.uasset" 751
"../../../LevelDesignProject/Content/StarterContent/Textures/T_Ground_Grass_D.uasset" 752
"../../../LevelDesignProject/Content/StarterContent/Textures/T_Ground_Grass_N.uasset" 753
"../../../LevelDesignProject/Content/StarterContent/Materials/M_Ground_Grass.uasset" 754
"../../../LevelDesignProject/Content/StarterContent/Textures/T_Ground_Gravel_D.uasset" 755
"../../../LevelDesignProject/Content/StarterContent/Textures/T_Ground_Gravel_N.uasset" 756
"../../../LevelDesignProject/Content/StarterContent/Materials/M_Ground_Gravel.uasset" 757
"../../../LevelDesignProject/Content/StarterContent/Textures/T_ground_Moss_D.uasset" 758
"../../../LevelDesignProject/Content/StarterContent/Textures/T_Ground_Moss_N.uasset" 759
"../../../LevelDesignProject/Content/StarterContent/Materials/M_Ground_Moss.uasset" 760
"../../../LevelDesignProject/Content/StarterContent/Materials/M_Metal_Chrome.uasset" 761
"../../../LevelDesignProject/Content/StarterContent/Textures/T_Metal_Rust_D.uasset" 762
"../../../LevelDesignProject/Content/StarterContent/Materials/M_Metal_Rust.uasset" 763
"../../../LevelDesignProject/Content/StarterContent/Textures/T_Metal_Steel_D.uasset" 764
"../../../LevelDesignProject/Content/StarterContent/Materials/M_Metal_Steel.uasset" 765
"../../../LevelDesignProject/Content/StarterContent/Textures/T_Rock_Basalt_N.uasset" 766
"../../../LevelDesignProject/Content/StarterContent/Materials/M_Rock_Basalt.uasset" 767
"../../../LevelDesignProject/Content/StarterContent/Materials/M_Rock_Marble_Polished.uasset" 768
"../../../LevelDesignProject/Content/StarterContent/Materials/M_Rock_Sandstone.uasset" 769
"../../../LevelDesignProject/Content/StarterContent/Textures/T_Rock_Slate_D.uasset" 770
"../../../LevelDesignProject/Content/StarterContent/Textures/T_Rock_Slate_N.uasset" 771
"../../../LevelDesignProject/Content/StarterContent/Materials/M_Rock_Slate.uasset" 772
"../../../LevelDesignProject/Content/StarterContent/Textures/T_Checker_Noise_M.uasset" 773
"../../../LevelDesignProject/Content/StarterContent/Textures/T_Single_Tile_N.uasset" 774
"../../../LevelDesignProject/Content/StarterContent/Textures/T_Tech_Dot_M.uasset" 775
"../../../LevelDesignProject/Content/StarterContent/Textures/T_Tech_Dot_N.uasset" 776
"../../../LevelDesignProject/Content/StarterContent/Materials/M_Tech_Checker_Dot.uasset" 777
"../../../LevelDesignProject/Content/StarterContent/Textures/T_Tech_Hex_Tile_M.uasset" 778
"../../../LevelDesignProject/Content/StarterContent/Textures/T_Tech_Hex_Tile_N.uasset" 779
"../../../LevelDesignProject/Content/StarterContent/Materials/M_Tech_Hex_Tile.uasset" 780
"../../../LevelDesignProject/Content/StarterContent/Materials/M_Tech_Hex_Tile_Pulse.uasset" 781
"../../../LevelDesignProject/Content/StarterContent/Textures/T_Tech_Panel_M.uasset" 782
"../../../LevelDesignProject/Content/StarterContent/Textures/T_Tech_Panel_N.uasset" 783
"../../../LevelDesignProject/Content/StarterContent/Materials/M_Tech_Panel.uasset" 784
"../../../LevelDesignProject/Content/StarterContent/Materials/M_Water_Lake.uasset" 785
"../../../LevelDesignProject/Content/StarterContent/Textures/T_Water_M.uasset" 786
"../../../LevelDesignProject/Content/StarterContent/Materials/M_Water_Ocean.uasset" 787
"../../../LevelDesignProject/Content/StarterContent/Textures/T_Wood_Floor_Walnut_D.uasset" 788
"../../../LevelDesignProject/Content/StarterContent/Textures/T_Wood_Floor_Walnut_M.uasset" 789
"../../../LevelDesignProject/Content/StarterContent/Textures/T_Wood_Floor_Walnut_N.uasset" 790
"../../../LevelDesignProject/Content/StarterContent/Materials/M_Wood_Floor_Walnut_Polished.uasset" 791
"../../../Engine/Content/Functions/Engine_MaterialFunctions01/Opacity/AlphaOffset.uasset" 792
"../../../LevelDesignProject/Content/StarterContent/Materials/M_Wood_Floor_Walnut_Worn.uasset" 793
"../../../LevelDesignProject/Content/StarterContent/Textures/T_Wood_Oak_D.uasset" 794
"../../../LevelDesignProject/Content/StarterContent/Textures/T_Wood_Oak_N.uasset" 795
"../../../LevelDesignProject/Content/StarterContent/Materials/M_Wood_Oak.uasset" 796
"../../../LevelDesignProject/Content/StarterContent/Textures/T_Wood_Walnut_D.uasset" 797
"../../../LevelDesignProject/Content/StarterContent/Textures/T_Wood_Walnut_N.uasset" 798
"../../../LevelDesignProject/Content/StarterContent/Materials/M_Wood_Walnut.uasset" 799
"../../../LevelDesignProject/Content/StarterContent/Architecture/Wall_400x200.uasset" 800
"../../../LevelDesignProject/Content/StarterContent/Architecture/Wall_Door_400x300.uasset" 801
"../../../LevelDesignProject/Content/StarterContent/Architecture/Wall_Window_400x300.uasset" 802
"../../../LevelDesignProject/Content/StarterContent/Audio/Collapse_Cue.uasset" 803
"../../../LevelDesignProject/Content/StarterContent/Audio/Starter_Music_Cue.uasset" 804
"../../../LevelDesignProject/Content/StarterContent/Textures/T_Dust_Particle_D.uasset" 805
"../../../LevelDesignProject/Content/StarterContent/Particles/Materials/M_Dust_Particle.uasset" 806
"../../../LevelDesignProject/Content/StarterContent/Particles/P_Ambient_Dust.uasset" 807
"../../../LevelDesignProject/Content/StarterContent/Props/MaterialSphere.uasset" 808
"../../../LevelDesignProject/Content/StarterContent/Textures/T_Frame_M.uasset" 809
"../../../LevelDesignProject/Content/StarterContent/Textures/T_Frame_N.uasset" 810
"../../../LevelDesignProject/Content/StarterContent/Props/Materials/M_Frame.uasset" 811
"../../../LevelDesignProject/Content/StarterContent/Props/SM_CornerFrame.uasset" 812
"../../../LevelDesignProject/Content/StarterContent/Props/SM_DoorFrame.uasset" 813
"../../../LevelDesignProject/Content/StarterContent/Props/SM_GlassWindow.uasset" 814
"../../../LevelDesignProject/Content/StarterContent/Props/SM_PillarFrame.uasset" 815
"../../../LevelDesignProject/Content/StarterContent/Props/SM_PillarFrame300.uasset" 816
"../../../LevelDesignProject/Content/StarterContent/Props/SM_WindowFrame.uasset" 817
"../../../LevelDesignProject/Content/StarterContent/Shapes/Shape_Cube.uasset" 818
"../../../LevelDesignProject/Content/StarterContent/Shapes/Shape_QuadPyramid.uasset" 819
"../../../LevelDesignProject/Content/StarterContent/Shapes/Shape_Sphere.uasset" 820
"../../../LevelDesignProject/Content/StarterContent/Maps/StarterMap.umap" 821
"../../../Engine/Content/Maps/Entry.umap" 822
